<?xml version="1.0" encoding="UTF-8"?>
<testsuite name="atdd.api.OrderApiIntegrationTest" tests="1" skipped="0" failures="0" errors="0" timestamp="2025-02-01T13:45:33" hostname="anseongjaeui-MacBookPro.local" time="0.367">
  <properties/>
  <testcase name="createPendingOrderTest()" classname="atdd.api.OrderApiIntegrationTest" time="0.367"/>
  <system-out><![CDATA[22:45:32.125 [Test worker] INFO org.springframework.test.context.support.AnnotationConfigContextLoaderUtils -- Could not detect default configuration classes for test class [atdd.api.OrderApiIntegrationTest]: OrderApiIntegrationTest does not declare any static, non-private, non-final, nested classes annotated with @Configuration.
22:45:32.165 [Test worker] INFO org.springframework.boot.test.context.SpringBootTestContextBootstrapper -- Found @SpringBootConfiguration atdd.AtddKataApplication for test class atdd.api.OrderApiIntegrationTest

  .   ____          _            __ _ _
 /\\ / ___'_ __ _ _(_)_ __  __ _ \ \ \ \
( ( )\___ | '_ | '_| | '_ \/ _` | \ \ \ \
 \\/  ___)| |_)| | | | | || (_| |  ) ) ) )
  '  |____| .__|_| |_|_| |_\__, | / / / /
 =========|_|==============|___/=/_/_/_/

 :: Spring Boot ::                (v3.4.2)

2025-02-01T22:45:32.288+09:00  INFO 1285 --- [atdd-kata] [    Test worker] atdd.api.OrderApiIntegrationTest         : Starting OrderApiIntegrationTest using Java 21.0.2 with PID 1285 (started by anseongjae in /Users/anseongjae/Documents/projects/atdd-kata)
2025-02-01T22:45:32.289+09:00  INFO 1285 --- [atdd-kata] [    Test worker] atdd.api.OrderApiIntegrationTest         : No active profile set, falling back to 1 default profile: "default"
2025-02-01T22:45:32.495+09:00  INFO 1285 --- [atdd-kata] [    Test worker] .s.d.r.c.RepositoryConfigurationDelegate : Bootstrapping Spring Data JPA repositories in DEFAULT mode.
2025-02-01T22:45:32.504+09:00  INFO 1285 --- [atdd-kata] [    Test worker] .s.d.r.c.RepositoryConfigurationDelegate : Finished Spring Data repository scanning in 4 ms. Found 0 JPA repository interfaces.
2025-02-01T22:45:32.632+09:00  INFO 1285 --- [atdd-kata] [    Test worker] com.zaxxer.hikari.HikariDataSource       : HikariPool-1 - Starting...
2025-02-01T22:45:32.703+09:00  INFO 1285 --- [atdd-kata] [    Test worker] com.zaxxer.hikari.pool.HikariPool        : HikariPool-1 - Added connection conn0: url=jdbc:h2:mem:a7f2c9c0-e598-481d-82c6-98f5ae2f6fa2 user=SA
2025-02-01T22:45:32.704+09:00  INFO 1285 --- [atdd-kata] [    Test worker] com.zaxxer.hikari.HikariDataSource       : HikariPool-1 - Start completed.
2025-02-01T22:45:32.724+09:00  INFO 1285 --- [atdd-kata] [    Test worker] o.hibernate.jpa.internal.util.LogHelper  : HHH000204: Processing PersistenceUnitInfo [name: default]
2025-02-01T22:45:32.739+09:00  INFO 1285 --- [atdd-kata] [    Test worker] org.hibernate.Version                    : HHH000412: Hibernate ORM core version 6.6.5.Final
2025-02-01T22:45:32.748+09:00  INFO 1285 --- [atdd-kata] [    Test worker] o.h.c.internal.RegionFactoryInitiator    : HHH000026: Second-level cache disabled
2025-02-01T22:45:32.830+09:00  INFO 1285 --- [atdd-kata] [    Test worker] o.s.o.j.p.SpringPersistenceUnitInfo      : No LoadTimeWeaver setup: ignoring JPA class transformer
2025-02-01T22:45:32.854+09:00  INFO 1285 --- [atdd-kata] [    Test worker] org.hibernate.orm.connections.pooling    : HHH10001005: Database info:
	Database JDBC URL [Connecting through datasource 'HikariDataSource (HikariPool-1)']
	Database driver: undefined/unknown
	Database version: 2.3.232
	Autocommit mode: undefined/unknown
	Isolation level: undefined/unknown
	Minimum pool size: undefined/unknown
	Maximum pool size: undefined/unknown
2025-02-01T22:45:32.952+09:00  INFO 1285 --- [atdd-kata] [    Test worker] o.h.e.t.j.p.i.JtaPlatformInitiator       : HHH000489: No JTA platform available (set 'hibernate.transaction.jta.platform' to enable JTA platform integration)
2025-02-01T22:45:32.954+09:00  INFO 1285 --- [atdd-kata] [    Test worker] j.LocalContainerEntityManagerFactoryBean : Initialized JPA EntityManagerFactory for persistence unit 'default'
2025-02-01T22:45:33.019+09:00  WARN 1285 --- [atdd-kata] [    Test worker] JpaBaseConfiguration$JpaWebConfiguration : spring.jpa.open-in-view is enabled by default. Therefore, database queries may be performed during view rendering. Explicitly configure spring.jpa.open-in-view to disable this warning
2025-02-01T22:45:33.151+09:00  INFO 1285 --- [atdd-kata] [    Test worker] o.s.b.t.m.w.SpringBootMockServletContext : Initializing Spring TestDispatcherServlet ''
2025-02-01T22:45:33.151+09:00  INFO 1285 --- [atdd-kata] [    Test worker] o.s.t.web.servlet.TestDispatcherServlet  : Initializing Servlet ''
2025-02-01T22:45:33.152+09:00  INFO 1285 --- [atdd-kata] [    Test worker] o.s.t.web.servlet.TestDispatcherServlet  : Completed initialization in 1 ms
2025-02-01T22:45:33.165+09:00  INFO 1285 --- [atdd-kata] [    Test worker] atdd.api.OrderApiIntegrationTest         : Started OrderApiIntegrationTest in 0.957 seconds (process running for 1.335)
]]></system-out>
  <system-err><![CDATA[Mockito is currently self-attaching to enable the inline-mock-maker. This will no longer work in future releases of the JDK. Please add Mockito as an agent to your build what is described in Mockito's documentation: https://javadoc.io/doc/org.mockito/mockito-core/latest/org/mockito/Mockito.html#0.3
WARNING: A Java agent has been loaded dynamically (/Users/anseongjae/.gradle/caches/modules-2/files-2.1/net.bytebuddy/byte-buddy-agent/1.15.11/a38b16385e867f59a641330f0362ebe742788ed8/byte-buddy-agent-1.15.11.jar)
WARNING: If a serviceability tool is in use, please run with -XX:+EnableDynamicAgentLoading to hide this warning
WARNING: If a serviceability tool is not in use, please run with -Djdk.instrument.traceUsage for more information
WARNING: Dynamic loading of agents will be disallowed by default in a future release
]]></system-err>
</testsuite>
